<?xml version="1.0" encoding="UTF-8"?>
<!-- Generated by org.testng.reporters.JUnitReportReporter -->
<testsuite hostname="SWEETY" failures="0" tests="4" name="TESTNG.TESTNG_11_a_DataProvider" time="0.010" errors="0" timestamp="2025-10-14T13:18:17 IST" skipped="0">
  <testcase classname="TESTNG.TESTNG_11_a_DataProvider" name="test1" time="0.002"/>
  <testcase classname="TESTNG.TESTNG_11_a_DataProvider" name="test1" time="0.005"/>
  <testcase classname="TESTNG.TESTNG_11_a_DataProvider" name="test1" time="0.001"/>
  <testcase classname="TESTNG.TESTNG_11_a_DataProvider" name="test1" time="0.002"/>
  <system-out>
    <![CDATA[This is test 1]]>
  </system-out>
</testsuite> <!-- TESTNG.TESTNG_11_a_DataProvider -->
