<?xml version="1.0" encoding="UTF-8"?>
<!-- Generated by org.testng.reporters.JUnitReportReporter -->
<testsuite hostname="SWEETY" failures="0" tests="2" name="TESTNG.TESTNG_2_Login" time="0.001" errors="0" timestamp="2025-10-14T13:18:17 IST" skipped="0">
  <testcase classname="TESTNG.TESTNG_2_Login" name="loginTest" time="0.001"/>
  <testcase classname="TESTNG.TESTNG_2_Login" name="logout" time="0.000"/>
  <system-out>
    <![CDATA[This is test 1]]>
  </system-out>
</testsuite> <!-- TESTNG.TESTNG_2_Login -->
