<?xml version="1.0" encoding="UTF-8"?>
<!-- Generated by org.testng.reporters.JUnitReportReporter -->
<testsuite hostname="SWEETY" failures="0" tests="4" name="TESTNG.TESTNG_3_Annotation" time="0.017" errors="0" timestamp="2025-10-14T13:18:17 IST" skipped="0">
  <testcase classname="TESTNG.TESTNG_3_Annotation" name="test2" time="0.004"/>
  <testcase classname="TESTNG.TESTNG_3_Annotation" name="test4" time="0.006"/>
  <testcase classname="TESTNG.TESTNG_3_Annotation" name="test3" time="0.004"/>
  <testcase classname="TESTNG.TESTNG_3_Annotation" name="test1" time="0.003"/>
  <system-out>
    <![CDATA[This is test 1]]>
  </system-out>
</testsuite> <!-- TESTNG.TESTNG_3_Annotation -->
