<?xml version="1.0" encoding="UTF-8"?>
<!-- Generated by org.testng.reporters.JUnitReportReporter -->
<testsuite hostname="SWEETY" failures="0" tests="4" name="TESTNG.TESTNG_6_GroupTestCases" time="0.007" errors="0" timestamp="2025-10-14T13:18:17 IST" skipped="0">
  <testcase classname="TESTNG.TESTNG_6_GroupTestCases" name="browser" time="0.005"/>
  <testcase classname="TESTNG.TESTNG_6_GroupTestCases" name="signup" time="0.000"/>
  <testcase classname="TESTNG.TESTNG_6_GroupTestCases" name="login" time="0.002"/>
  <testcase classname="TESTNG.TESTNG_6_GroupTestCases" name="logout" time="0.000"/>
  <system-out>
    <![CDATA[This is test 1]]>
  </system-out>
</testsuite> <!-- TESTNG.TESTNG_6_GroupTestCases -->
