<?xml version="1.0" encoding="UTF-8"?>
<!-- Generated by org.testng.reporters.JUnitReportReporter -->
<testsuite hostname="SWEETY" failures="0" tests="2" name="TESTNG.TESTNG_10_Annotation_child" time="0.004" errors="0" timestamp="2025-10-14T13:18:17 IST" skipped="0">
  <testcase classname="TESTNG.TESTNG_10_Annotation_child" name="test3" time="0.003"/>
  <testcase classname="TESTNG.TESTNG_10_Annotation_child" name="test4" time="0.001"/>
  <system-out>
    <![CDATA[This is test 1]]>
  </system-out>
</testsuite> <!-- TESTNG.TESTNG_10_Annotation_child -->
