<?xml version="1.0" encoding="UTF-8"?>
<!-- Generated by org.testng.reporters.JUnitReportReporter -->
<testsuite hostname="SWEETY" failures="0" tests="2" name="TESTNG.TESTNG_9_Annotations" time="0.002" errors="0" timestamp="2025-10-14T13:18:17 IST" skipped="0">
  <testcase classname="TESTNG.TESTNG_9_Annotations" name="test3" time="0.000"/>
  <testcase classname="TESTNG.TESTNG_9_Annotations" name="test4" time="0.002"/>
  <system-out>
    <![CDATA[This is test 1]]>
  </system-out>
</testsuite> <!-- TESTNG.TESTNG_9_Annotations -->
