<?xml version="1.0" encoding="UTF-8"?>
<!-- Generated by org.testng.reporters.JUnitReportReporter -->
<testsuite hostname="SWEETY" failures="0" tests="4" name="TESTNG.TESTNG_11_DataProvider" time="0.006" errors="0" timestamp="2025-10-14T13:18:17 IST" skipped="0">
  <testcase classname="TESTNG.TESTNG_11_DataProvider" name="test" time="0.001"/>
  <testcase classname="TESTNG.TESTNG_11_DataProvider" name="test" time="0.000"/>
  <testcase classname="TESTNG.TESTNG_11_DataProvider" name="test" time="0.004"/>
  <testcase classname="TESTNG.TESTNG_11_DataProvider" name="test" time="0.001"/>
  <system-out>
    <![CDATA[This is test 1]]>
  </system-out>
</testsuite> <!-- TESTNG.TESTNG_11_DataProvider -->
